[2025-10-26 13:15:00] Курс валюты EUR обновлен: 0,9197
[2025-10-26 13:15:00] Курс валюты GBP обновлен: 0,7908
[2025-10-26 13:15:00] Курс валюты RUB обновлен: 1,5000
[2025-10-26 13:15:05] Курс валюты EUR обновлен: 0,9207
[2025-10-26 13:15:05] Курс валюты GBP обновлен: 0,7895
[2025-10-26 13:15:05] Курс валюты RUB обновлен: 1,5000
[2025-10-26 13:15:10] Курс валюты EUR обновлен: 0,9246
[2025-10-26 13:15:10] Курс валюты GBP обновлен: 0,7886
[2025-10-26 13:15:10] Курс валюты RUB обновлен: 1,4963
[2025-10-26 13:15:15] Курс валюты EUR обновлен: 0,9237
[2025-10-26 13:15:15] Курс валюты GBP обновлен: 0,7903
[2025-10-26 13:15:15] Курс валюты RUB обновлен: 1,4957
[2025-10-26 13:15:20] Курс валюты EUR обновлен: 0,9203
[2025-10-26 13:15:20] Курс валюты GBP обновлен: 0,7904
[2025-10-26 13:15:20] Курс валюты RUB обновлен: 1,4943
[2025-10-26 13:15:25] Курс валюты EUR обновлен: 0,9223
[2025-10-26 13:15:25] Курс валюты GBP обновлен: 0,7876
[2025-10-26 13:15:25] Курс валюты RUB обновлен: 1,4921
[2025-10-26 13:15:30] Курс валюты EUR обновлен: 0,9265
[2025-10-26 13:15:30] Курс валюты GBP обновлен: 0,7870
[2025-10-26 13:15:30] Курс валюты RUB обновлен: 1,4898
[2025-10-26 13:15:35] Курс валюты EUR обновлен: 0,9309
[2025-10-26 13:15:35] Курс валюты GBP обновлен: 0,7849
[2025-10-26 13:15:35] Курс валюты RUB обновлен: 1,4940
[2025-10-26 13:15:40] Курс валюты EUR обновлен: 0,9341
[2025-10-26 13:15:40] Курс валюты GBP обновлен: 0,7822
[2025-10-26 13:15:40] Курс валюты RUB обновлен: 1,4907
[2025-10-26 13:15:45] Курс валюты EUR обновлен: 0,9369
[2025-10-26 13:15:45] Курс валюты GBP обновлен: 0,7803
[2025-10-26 13:15:45] Курс валюты RUB обновлен: 1,4951
[2025-10-26 13:15:50] Курс валюты EUR обновлен: 0,9406
[2025-10-26 13:15:50] Курс валюты GBP обновлен: 0,7820
[2025-10-26 13:15:50] Курс валюты RUB обновлен: 1,4947
[2025-10-26 13:15:55] Курс валюты EUR обновлен: 0,9424
[2025-10-26 13:15:55] Курс валюты GBP обновлен: 0,7849
[2025-10-26 13:15:55] Курс валюты RUB обновлен: 1,4954
[2025-10-26 13:16:00] Курс валюты EUR обновлен: 0,9445
[2025-10-26 13:16:00] Курс валюты GBP обновлен: 0,7821
[2025-10-26 13:16:00] Курс валюты RUB обновлен: 1,4933
[2025-10-26 13:16:05] Курс валюты EUR обновлен: 0,9432
[2025-10-26 13:16:05] Курс валюты GBP обновлен: 0,7804
[2025-10-26 13:16:05] Курс валюты RUB обновлен: 1,5000
[2025-10-26 13:16:10] Курс валюты EUR обновлен: 0,9434
[2025-10-26 13:16:10] Курс валюты GBP обновлен: 0,7784
[2025-10-26 13:16:10] Курс валюты RUB обновлен: 1,4947
[2025-10-26 13:16:15] Курс валюты EUR обновлен: 0,9389
[2025-10-26 13:16:15] Курс валюты GBP обновлен: 0,7789
[2025-10-26 13:16:15] Курс валюты RUB обновлен: 1,4906
[2025-10-26 13:16:20] Курс валюты EUR обновлен: 0,9366
[2025-10-26 13:16:20] Курс валюты GBP обновлен: 0,7787
[2025-10-26 13:16:20] Курс валюты RUB обновлен: 1,4835
[2025-10-26 13:16:23] Добавлен новый клиент: Client{id=1, balance=12.0, currency='1'}
[2025-10-26 13:16:25] Курс валюты EUR обновлен: 0,9350
[2025-10-26 13:16:25] Курс валюты GBP обновлен: 0,7802
[2025-10-26 13:16:25] Курс валюты RUB обновлен: 1,4868
[2025-10-26 13:16:30] Курс валюты EUR обновлен: 0,9338
[2025-10-26 13:16:30] Курс валюты GBP обновлен: 0,7777
[2025-10-26 13:16:30] Курс валюты RUB обновлен: 1,4825
[2025-10-26 13:16:32] Добавлен новый клиент: Client{id=2, balance=1.0, currency='1'}
[2025-10-26 13:16:35] Курс валюты EUR обновлен: 0,9384
[2025-10-26 13:16:35] Курс валюты GBP обновлен: 0,7757
[2025-10-26 13:16:35] Курс валюты RUB обновлен: 1,4828
[2025-10-26 13:16:40] Курс валюты EUR обновлен: 0,9346
[2025-10-26 13:16:40] Курс валюты GBP обновлен: 0,7758
[2025-10-26 13:16:40] Курс валюты RUB обновлен: 1,4876
[2025-10-26 13:16:45] Курс валюты EUR обновлен: 0,9302
[2025-10-26 13:16:45] Курс валюты GBP обновлен: 0,7749
[2025-10-26 13:16:45] Курс валюты RUB обновлен: 1,4813
[2025-10-26 13:16:50] Курс валюты EUR обновлен: 0,9288
[2025-10-26 13:16:50] Курс валюты GBP обновлен: 0,7762
[2025-10-26 13:16:50] Курс валюты RUB обновлен: 1,4758
[2025-10-26 13:16:55] Курс валюты EUR обновлен: 0,9313
[2025-10-26 13:16:55] Курс валюты GBP обновлен: 0,7749
[2025-10-26 13:16:55] Курс валюты RUB обновлен: 1,4815
[2025-10-26 13:17:00] Курс валюты EUR обновлен: 0,9274
[2025-10-26 13:17:00] Курс валюты GBP обновлен: 0,7748
[2025-10-26 13:17:00] Курс валюты RUB обновлен: 1,4835
[2025-10-26 13:17:05] Курс валюты EUR обновлен: 0,9261
[2025-10-26 13:17:05] Курс валюты GBP обновлен: 0,7744
[2025-10-26 13:17:05] Курс валюты RUB обновлен: 1,4776
[2025-10-26 13:17:10] Курс валюты EUR обновлен: 0,9231
[2025-10-26 13:17:10] Курс валюты GBP обновлен: 0,7732
[2025-10-26 13:17:10] Курс валюты RUB обновлен: 1,4848
[2025-10-26 13:17:15] Курс валюты EUR обновлен: 0,9264
[2025-10-26 13:17:15] Курс валюты GBP обновлен: 0,7749
[2025-10-26 13:17:15] Курс валюты RUB обновлен: 1,4900
[2025-10-26 13:17:20] Курс валюты EUR обновлен: 0,9261
[2025-10-26 13:17:20] Курс валюты GBP обновлен: 0,7784
[2025-10-26 13:17:20] Курс валюты RUB обновлен: 1,4904
[2025-10-26 13:17:25] Курс валюты EUR обновлен: 0,9300
[2025-10-26 13:17:25] Курс валюты GBP обновлен: 0,7763
[2025-10-26 13:17:25] Курс валюты RUB обновлен: 1,4834
[2025-10-26 13:17:30] Курс валюты EUR обновлен: 0,9257
[2025-10-26 13:17:30] Курс валюты GBP обновлен: 0,7768
[2025-10-26 13:17:30] Курс валюты RUB обновлен: 1,4864
[2025-10-26 13:17:33] Транзакция поставлена в очередь: Обмен валюты: Клиент ID 1, 1 1,00 -> 1
[2025-10-26 13:17:33] Касса 3 начала обработку: Обмен валюты: Клиент ID 1, 1 1,00 -> 1
[2025-10-26 13:17:33] Ошибка обмена валюты: Неизвестный курс для 1 или 1.
[2025-10-26 13:17:33] Касса 3 не смогла обработать: Обмен валюты: Клиент ID 1, 1 1,00 -> 1
[2025-10-26 13:17:35] Курс валюты EUR обновлен: 0,9300
[2025-10-26 13:17:35] Курс валюты GBP обновлен: 0,7779
[2025-10-26 13:17:35] Курс валюты RUB обновлен: 1,4917
[2025-10-26 13:17:40] Курс валюты EUR обновлен: 0,9266
[2025-10-26 13:17:40] Курс валюты GBP обновлен: 0,7782
[2025-10-26 13:17:40] Курс валюты RUB обновлен: 1,4852
[2025-10-26 13:17:45] Курс валюты EUR обновлен: 0,9302
[2025-10-26 13:17:45] Курс валюты GBP обновлен: 0,7768
[2025-10-26 13:17:45] Курс валюты RUB обновлен: 1,4795
[2025-10-26 13:17:50] Курс валюты EUR обновлен: 0,9275
[2025-10-26 13:17:50] Курс валюты GBP обновлен: 0,7780
[2025-10-26 13:17:50] Курс валюты RUB обновлен: 1,4776
[2025-10-26 13:17:53] Банк начинает процедуру остановки...
[2025-10-26 13:17:53] Касса 3 прервана.
[2025-10-26 13:17:53] Касса 2 прервана.
[2025-10-26 13:17:53] Касса 1 прервана.
[2025-10-26 13:17:53] Касса 3 остановлена.
[2025-10-26 13:17:53] Касса 2 остановлена.
[2025-10-26 13:17:53] Касса 1 остановлена.
[2025-10-26 13:17:53] Все кассы успешно остановлены.
[2025-10-26 13:17:53] Обновление курсов валют успешно остановлено.
[2025-10-26 13:17:53] Банк успешно остановлен.
